sample/build/outputs/logs/manifest-merger-debug-report.txt
-- Merging decision tree log ---
manifest
ADDED from src\main\AndroidManifest.xml:2:1-46:12
	package
		ADDED from src\main\AndroidManifest.xml:3:5-34
		INJECTED from src\main\AndroidManifest.xml
		INJECTED from src\main\AndroidManifest.xml
	android:versionName
		INJECTED from src\main\AndroidManifest.xml
		INJECTED from src\main\AndroidManifest.xml
	xmlns:android
		ADDED from src\main\AndroidManifest.xml:2:11-69
	android:versionCode
		INJECTED from src\main\AndroidManifest.xml
		INJECTED from src\main\AndroidManifest.xml
	android:installLocation
		ADDED from src\main\AndroidManifest.xml:4:5-35
uses-sdk
ADDED from src\main\AndroidManifest.xml:7:5-9:41
MERGED from [com.android.support:support-v13:27.1.1] AndroidManifest.xml:20:5-44
MERGED from [com.android.support:cardview-v7:27.1.1] AndroidManifest.xml:20:5-44
MERGED from [com.android.support:design:27.1.1] AndroidManifest.xml:20:5-44
MERGED from [com.android.support:support-v4:27.1.1] AndroidManifest.xml:20:5-44
MERGED from [com.android.support:support-media-compat:27.1.1] AndroidManifest.xml:20:5-44
MERGED from [com.android.support:appcompat-v7:27.1.1] AndroidManifest.xml:20:5-44
MERGED from [com.android.support:support-fragment:27.1.1] AndroidManifest.xml:20:5-44
MERGED from [android.arch.lifecycle:livedata-core:1.1.0] AndroidManifest.xml:20:5-44
MERGED from [android.arch.core:runtime:1.1.0] AndroidManifest.xml:20:5-44
MERGED from [android.arch.lifecycle:viewmodel:1.1.0] AndroidManifest.xml:20:5-44
MERGED from [com.android.support:animated-vector-drawable:27.1.1] AndroidManifest.xml:20:5-44
MERGED from [com.android.support:support-vector-drawable:27.1.1] AndroidManifest.xml:20:5-44
MERGED from [com.android.support:recyclerview-v7:27.1.1] AndroidManifest.xml:20:5-44
MERGED from [com.android.support:support-core-ui:27.1.1] AndroidManifest.xml:20:5-44
MERGED from [com.android.support:support-core-utils:27.1.1] AndroidManifest.xml:20:5-44
MERGED from [com.android.support:transition:27.1.1] AndroidManifest.xml:20:5-44
MERGED from [com.android.support:support-compat:27.1.1] AndroidManifest.xml:20:5-44
MERGED from [android.arch.lifecycle:runtime:1.1.0] AndroidManifest.xml:20:5-44
	android:targetSdkVersion
		ADDED from src\main\AndroidManifest.xml:9:9-38
		INJECTED from src\main\AndroidManifest.xml
		INJECTED from src\main\AndroidManifest.xml
	android:minSdkVersion
		ADDED from src\main\AndroidManifest.xml:8:9-35
		INJECTED from src\main\AndroidManifest.xml
		INJECTED from src\main\AndroidManifest.xml
uses-permission#android.permission.RECORD_AUDIO
ADDED from src\main\AndroidManifest.xml:11:5-71
	android:name
		ADDED from src\main\AndroidManifest.xml:11:22-68
uses-permission#android.permission.READ_PHONE_STATE
ADDED from src\main\AndroidManifest.xml:12:5-75
	android:name
		ADDED from src\main\AndroidManifest.xml:12:22-72
uses-permission#android.permission.WRITE_EXTERNAL_STORAGE
ADDED from src\main\AndroidManifest.xml:13:5-81
	android:name
		ADDED from src\main\AndroidManifest.xml:13:22-78
uses-permission#android.permission.INTERNET
ADDED from src\main\AndroidManifest.xml:14:5-67
	android:name
		ADDED from src\main\AndroidManifest.xml:14:22-64
uses-permission#android.permission.ACCESS_NETWORK_STATE
ADDED from src\main\AndroidManifest.xml:15:5-79
	android:name
		ADDED from src\main\AndroidManifest.xml:15:22-76
uses-permission#android.permission.ACCESS_WIFI_STATE
ADDED from src\main\AndroidManifest.xml:16:5-76
	android:name
		ADDED from src\main\AndroidManifest.xml:16:22-73
uses-permission#android.permission.READ_CONTACTS
ADDED from src\main\AndroidManifest.xml:17:5-72
	android:name
		ADDED from src\main\AndroidManifest.xml:17:22-69
uses-permission#android.permission.MODIFY_AUDIO_SETTINGS
ADDED from src\main\AndroidManifest.xml:18:5-80
	android:name
		ADDED from src\main\AndroidManifest.xml:18:22-77
application
ADDED from src\main\AndroidManifest.xml:20:5-45:19
	android:label
		ADDED from src\main\AndroidManifest.xml:22:9-37
	android:icon
		ADDED from src\main\AndroidManifest.xml:21:9-43
	android:name
		ADDED from src\main\AndroidManifest.xml:23:9-54
activity#com.aispeech.sample.AuthActivity
ADDED from src\main\AndroidManifest.xml:24:9-27:20
	android:label
		ADDED from src\main\AndroidManifest.xml:26:13-31
	android:name
		ADDED from src\main\AndroidManifest.xml:25:13-60
activity#com.aispeech.sample.LocalWakeUpDnn
ADDED from src\main\AndroidManifest.xml:28:9-31:20
	android:label
		ADDED from src\main\AndroidManifest.xml:30:13-36
	android:name
		ADDED from src\main\AndroidManifest.xml:29:13-62
activity#com.aispeech.sample.Main
ADDED from src\main\AndroidManifest.xml:33:9-42:20
	android:launchMode
		ADDED from src\main\AndroidManifest.xml:36:13-48
	android:theme
		ADDED from src\main\AndroidManifest.xml:34:13-63
	android:name
		ADDED from src\main\AndroidManifest.xml:35:13-52
intent-filter#android.intent.action.MAIN+android.intent.category.LAUNCHER
ADDED from src\main\AndroidManifest.xml:37:13-41:29
action#android.intent.action.MAIN
ADDED from src\main\AndroidManifest.xml:38:17-69
	android:name
		ADDED from src\main\AndroidManifest.xml:38:25-66
category#android.intent.category.LAUNCHER
ADDED from src\main\AndroidManifest.xml:40:17-77
	android:name
		ADDED from src\main\AndroidManifest.xml:40:27-74
uses-library#android.test.runner
ADDED from src\main\AndroidManifest.xml:44:9-60
	android:name
		ADDED from src\main\AndroidManifest.xml:44:23-57